<?xml version="1.0" encoding="UTF-8"?>
<!-- Generated by org.testng.reporters.JUnitReportReporter -->
<testsuite name="project.testex1.AppTest" tests="1" time="46.541" ignored="0" failures="0" timestamp="28 Dec 2022 11:44:18 GMT" skipped="0" hostname="SSTLAP095" errors="0">
  <testcase name="one" time="46.541" classname="project.testex1.AppTest"/>
</testsuite> <!-- project.testex1.AppTest -->
